#
# A fatal error has been detected by the Java Runtime Environment:
#
#  SIGSEGV (0xb) at pc=0x00007f722cbd3660, pid=15270, tid=15272
#
# JRE version: OpenJDK Runtime Environment (11.0.6+10) (build 11.0.6+10-post-Ubuntu-1ubuntu118.04.1)
# Java VM: OpenJDK 64-Bit Server VM (11.0.6+10-post-Ubuntu-1ubuntu118.04.1, mixed mode, sharing, tiered, compressed oops, g1 gc, linux-amd64)
# Problematic frame:
# C  [liblwjgl.so+0x3c660]
#
# No core dump will be written. Core dumps have been disabled. To enable core dumping, try "ulimit -c unlimited" before starting Java again
#
# If you would like to submit a bug report, please visit:
#   https://bugs.launchpad.net/ubuntu/+source/openjdk-lts
# The crash happened outside the Java Virtual Machine in native code.
# See problematic frame for where to report the bug.
#

---------------  S U M M A R Y ------------

Command Line: -javaagent:/snap/intellij-idea-community/216/lib/idea_rt.jar=46007:/snap/intellij-idea-community/216/bin -Dfile.encoding=UTF-8 posidon.uranium.main.Main

Host: AMD Ryzen 5 1600X Six-Core Processor, 12 cores, 15G, elementary OS 5.1 Hera
Time: Sat Mar 21 14:17:03 2020 CET elapsed time: 7 seconds (0d 0h 0m 7s)

---------------  T H R E A D  ---------------

Current thread (0x00007f7264017000):  JavaThread "main" [_thread_in_native, id=15272, stack(0x00007f726cbe8000,0x00007f726cce9000)]

Stack: [0x00007f726cbe8000,0x00007f726cce9000],  sp=0x00007f726cce7678,  free space=1021k
Native frames: (J=compiled Java code, A=aot compiled Java code, j=interpreted, Vv=VM code, C=native code)
C  [liblwjgl.so+0x3c660]
j  org.lwjgl.system.dyncall.DynCallback.dcbGetUserData(J)J+12
j  org.lwjgl.system.Callback.free(J)V+12
j  org.lwjgl.system.Callback.free()V+4
j  posidon.uranium.engine.Input.kill()V+4
j  posidon.uranium.engine.Window.kill()V+10
j  posidon.uranium.main.Main.kill()V+7
j  posidon.uranium.main.Main.main([Ljava/lang/String;)V+241
v  ~StubRoutines::call_stub
V  [libjvm.so+0x8493b9]
V  [libjvm.so+0x8c5e4d]
V  [libjvm.so+0x8c831e]
C  [libjli.so+0x5856]
C  [libjli.so+0x92cd]

Java frames: (J=compiled Java code, j=interpreted, Vv=VM code)
j  org.lwjgl.system.dyncall.DynCallback.ndcbGetUserData(J)J+0
j  org.lwjgl.system.dyncall.DynCallback.dcbGetUserData(J)J+12
j  org.lwjgl.system.Callback.free(J)V+12
j  org.lwjgl.system.Callback.free()V+4
j  posidon.uranium.engine.Input.kill()V+4
j  posidon.uranium.engine.Window.kill()V+10
j  posidon.uranium.main.Main.kill()V+7
j  posidon.uranium.main.Main.main([Ljava/lang/String;)V+241
v  ~StubRoutines::call_stub

siginfo: si_signo: 11 (SIGSEGV), si_code: 1 (SEGV_MAPERR), si_addr: 0x00007f726ccf0020

Register to memory mapping:

RAX=0x00007f722cbd1ec0: Java_org_lwjgl_system_dyncall_DynCallback_ndcbGetUserData+0x0000000000000000 in /tmp/lwjglleo/3.2.3-build-13/liblwjgl.so at 0x00007f722cb97000
RBX={method} {0x00007f722fce41f0} 'ndcbGetUserData' '(J)J' in 'org/lwjgl/system/dyncall/DynCallback'
RCX=0x0000000000000030 is an unknown value
RDX=0x00007f726ccf0000 is an unknown value
RSP=0x00007f726cce7678 is pointing into the stack for thread: 0x00007f7264017000
RBP=0x00007f726cce76d8 is pointing into the stack for thread: 0x00007f7264017000
RSI=0x00007f726cce76e8 is pointing into the stack for thread: 0x00007f7264017000
RDI=0x00007f726ccf0000 is an unknown value
R8 ={method} {0x00007f722fc09cf0} 'kill' '()V' in 'posidon/uranium/main/Main'
R9 =0x0000000000000002 is an unknown value
R10=0x00007f724c91f961 is at code_begin+897 in an Interpreter codelet
method entry point (kind = native)  [0x00007f724c91f5e0, 0x00007f724c920020]  2624 bytes
R11=0x0000000713eef998 points into unknown readable memory: 09 87 2e 10 3f 00 00 00
R12=0x0 is NULL
R13={method} {0x00007f722fce41f0} 'ndcbGetUserData' '(J)J' in 'org/lwjgl/system/dyncall/DynCallback'
R14=0x00007f726cce7700 is pointing into the stack for thread: 0x00007f7264017000
R15=0x00007f7264017000 is a thread


Registers:
RAX=0x00007f722cbd1ec0, RBX=0x00007f722fce41f0, RCX=0x0000000000000030, RDX=0x00007f726ccf0000
RSP=0x00007f726cce7678, RBP=0x00007f726cce76d8, RSI=0x00007f726cce76e8, RDI=0x00007f726ccf0000
R8 =0x00007f722fc09cf0, R9 =0x0000000000000002, R10=0x00007f724c91f961, R11=0x0000000713eef998
R12=0x0000000000000000, R13=0x00007f722fce41f0, R14=0x00007f726cce7700, R15=0x00007f7264017000
RIP=0x00007f722cbd3660, EFLAGS=0x0000000000010287, CSGSFS=0x002b000000000033, ERR=0x0000000000000004
  TRAPNO=0x000000000000000e

Top of Stack: (sp=0x00007f726cce7678)
0x00007f726cce7678:   00007f724c91f990 00007f726cce7710
0x00007f726cce7688:   00007f726b0c30f7 00007f726cce7690
0x00007f726cce7698:   0000000000000000 00007f726cce7700
0x00007f726cce76a8:   00007f722fce5ba8 0000000000000000 

Instructions: (pc=0x00007f722cbd3660)
0x00007f722cbd3560:   48 63 47 0c 83 f8 07 7e 17 48 8b 07 48 8d 50 08
0x00007f722cbd3570:   f2 0f 10 00 48 89 17 c3 0f 1f 84 00 00 00 00 00
0x00007f722cbd3580:   8d 50 01 48 8d 44 c7 40 89 57 0c f2 0f 10 00 c3
0x00007f722cbd3590:   48 63 47 0c 83 f8 07 7e 17 48 8b 07 48 8d 50 08
0x00007f722cbd35a0:   f3 0f 10 00 48 89 17 c3 0f 1f 84 00 00 00 00 00
0x00007f722cbd35b0:   8d 50 01 48 8d 44 c7 40 89 57 0c f3 0f 10 00 c3
0x00007f722cbd35c0:   48 89 57 18 48 89 4f 20 c3 0f 1f 80 00 00 00 00
0x00007f722cbd35d0:   41 54 49 89 d4 55 48 89 f5 53 48 89 fb bf 28 00
0x00007f722cbd35e0:   00 00 48 83 ec 10 48 89 e6 e8 52 01 00 00 31 ff
0x00007f722cbd35f0:   85 c0 75 38 48 8d 35 6a 00 00 00 48 8b 3c 24 e8
0x00007f722cbd3600:   1c 01 00 00 48 8b 3c 24 4c 89 e1 48 89 ea 48 89
0x00007f722cbd3610:   de e8 aa ff ff ff 48 8b 3c 24 be 28 00 00 00 e8
0x00007f722cbd3620:   4c 01 00 00 85 c0 48 8b 3c 24 75 14 48 83 c4 10
0x00007f722cbd3630:   48 89 f8 5b 5d 41 5c c3 0f 1f 84 00 00 00 00 00
0x00007f722cbd3640:   be 28 00 00 00 e8 36 01 00 00 31 ff eb de 66 90
0x00007f722cbd3650:   be 28 00 00 00 